0 info it worked if it ends with ok
1 verbose cli [ '/usr/bin/nodejs',
1 verbose cli   '/usr/bin/npm',
1 verbose cli   'publish',
1 verbose cli   '/home/shrikant/Code/Node/heroku/node-red-contrib-shri-firebase',
1 verbose cli   '--tag',
1 verbose cli   'firebase',
1 verbose cli   '--access',
1 verbose cli   'public' ]
2 info using npm@3.10.8
3 info using node@v6.9.1
4 verbose publish [ '/home/shrikant/Code/Node/heroku/node-red-contrib-shri-firebase' ]
5 silly cache add args [ '/home/shrikant/Code/Node/heroku/node-red-contrib-shri-firebase',
5 silly cache add   null ]
6 verbose cache add spec /home/shrikant/Code/Node/heroku/node-red-contrib-shri-firebase
7 silly cache add parsed spec Result {
7 silly cache add   raw: '/home/shrikant/Code/Node/heroku/node-red-contrib-shri-firebase',
7 silly cache add   scope: null,
7 silly cache add   escapedName: null,
7 silly cache add   name: null,
7 silly cache add   rawSpec: '/home/shrikant/Code/Node/heroku/node-red-contrib-shri-firebase',
7 silly cache add   spec: '/home/shrikant/Code/Node/heroku/node-red-contrib-shri-firebase',
7 silly cache add   type: 'directory' }
8 verbose addLocalDirectory /home/shrikant/.npm/node-red-contrib-shri-firebase/0.0.4/package.tgz not in flight; packing
9 verbose correctMkdir /home/shrikant/.npm correctMkdir not in flight; initializing
10 info lifecycle node-red-contrib-shri-firebase@0.0.4~prepublish: node-red-contrib-shri-firebase@0.0.4
11 silly lifecycle node-red-contrib-shri-firebase@0.0.4~prepublish: no script for prepublish, continuing
12 verbose tar pack [ '/home/shrikant/.npm/node-red-contrib-shri-firebase/0.0.4/package.tgz',
12 verbose tar pack   '/home/shrikant/Code/Node/heroku/node-red-contrib-shri-firebase' ]
13 verbose tarball /home/shrikant/.npm/node-red-contrib-shri-firebase/0.0.4/package.tgz
14 verbose folder /home/shrikant/Code/Node/heroku/node-red-contrib-shri-firebase
15 verbose addLocalTarball adding from inside cache /home/shrikant/.npm/node-red-contrib-shri-firebase/0.0.4/package.tgz
16 verbose correctMkdir /home/shrikant/.npm correctMkdir not in flight; initializing
17 silly cache afterAdd node-red-contrib-shri-firebase@0.0.4
18 verbose afterAdd /home/shrikant/.npm/node-red-contrib-shri-firebase/0.0.4/package/package.json not in flight; writing
19 verbose correctMkdir /home/shrikant/.npm correctMkdir not in flight; initializing
20 verbose afterAdd /home/shrikant/.npm/node-red-contrib-shri-firebase/0.0.4/package/package.json written
21 silly publish { name: 'node-red-contrib-shri-firebase',
21 silly publish   version: '0.0.4',
21 silly publish   description: 'Node-Red module for interacting with shri firebase',
21 silly publish   scripts: { test: 'echo "Error: no test specified" && exit 1' },
21 silly publish   repository:
21 silly publish    { type: 'git',
21 silly publish      url: 'git+https://github.com/shrikantzarekar/node-red-contrib-shri-firebase.git' },
21 silly publish   keywords: [ 'node-red', 'shri-firebase' ],
21 silly publish   contributors:
21 silly publish    [ { name: 'Shrikant Zarekar',
21 silly publish        email: 'shrikant.zarekar@gmail.com' } ],
21 silly publish   'node-red':
21 silly publish    { nodes:
21 silly publish       { shri_firebase_once: 'shri-firebase/firebase_once.js',
21 silly publish         shri_firebase_config: 'shri-firebase/firebase_config.js',
21 silly publish         shri_firebase_on: 'shri-firebase/firebase_on.js',
21 silly publish         shri_firebase_push: 'shri-firebase/firebase_push.js',
21 silly publish         shri_firebase_update: 'shri-firebase/firebase_update.js' } },
21 silly publish   author: { name: 'Shrikant Zarekar' },
21 silly publish   license: 'MIT',
21 silly publish   bugs: { url: 'https://github.com/shrikantzarekar/node-red-contrib-shri-firebase/issues' },
21 silly publish   homepage: 'https://github.com/shrikantzarekar/node-red-contrib-shri-firebase#readme',
21 silly publish   dependencies:
21 silly publish    { firebase: '^3.3.4',
21 silly publish      'follow-redirects': '^0.2.0',
21 silly publish      'lodash-node': '^3.10.2',
21 silly publish      moment: '^2.15.1' },
21 silly publish   readme: '# node-red-contrib-shri-firebase',
21 silly publish   readmeFilename: 'README.md',
21 silly publish   gitHead: '12a9f493b2ce1b6bb28fdc4c5df09ec58bf25cd1',
21 silly publish   _id: 'node-red-contrib-shri-firebase@0.0.4',
21 silly publish   _shasum: '9054f21e4d4ff4a67562b40e910802eacc37b6cf',
21 silly publish   _from: '.' }
22 verbose getPublishConfig undefined
23 silly mapToRegistry name node-red-contrib-shri-firebase
24 silly mapToRegistry using default registry
25 silly mapToRegistry registry https://registry.npmjs.org/
26 silly mapToRegistry data Result {
26 silly mapToRegistry   raw: 'node-red-contrib-shri-firebase',
26 silly mapToRegistry   scope: null,
26 silly mapToRegistry   escapedName: 'node-red-contrib-shri-firebase',
26 silly mapToRegistry   name: 'node-red-contrib-shri-firebase',
26 silly mapToRegistry   rawSpec: '',
26 silly mapToRegistry   spec: 'latest',
26 silly mapToRegistry   type: 'tag' }
27 silly mapToRegistry uri https://registry.npmjs.org/node-red-contrib-shri-firebase
28 verbose publish registryBase https://registry.npmjs.org/
29 silly publish uploading /home/shrikant/.npm/node-red-contrib-shri-firebase/0.0.4/package.tgz
30 verbose request uri https://registry.npmjs.org/node-red-contrib-shri-firebase
31 verbose request sending authorization for write operation
32 info attempt registry request try #1 at 5:05:38 PM
33 verbose request using bearer token for auth
34 verbose request id b2744e4c837b45ea
35 http request PUT https://registry.npmjs.org/node-red-contrib-shri-firebase
36 http 403 https://registry.npmjs.org/node-red-contrib-shri-firebase
37 verbose headers { 'content-type': 'application/json',
37 verbose headers   'cache-control': 'max-age=300',
37 verbose headers   'content-length': '95',
37 verbose headers   'accept-ranges': 'bytes',
37 verbose headers   date: 'Tue, 27 Dec 2016 11:35:40 GMT',
37 verbose headers   via: '1.1 varnish',
37 verbose headers   connection: 'keep-alive',
37 verbose headers   'x-served-by': 'cache-sin6926-SIN',
37 verbose headers   'x-cache': 'MISS',
37 verbose headers   'x-cache-hits': '0',
37 verbose headers   'x-timer': 'S1482838539.218098,VS0,VE984',
37 verbose headers   vary: 'Accept-Encoding' }
38 verbose request invalidating /home/shrikant/.npm/registry.npmjs.org/node-red-contrib-shri-firebase on PUT
39 error publish Failed PUT 403
40 verbose stack Error: "You cannot publish over the previously published version 0.0.4." : node-red-contrib-shri-firebase
40 verbose stack     at makeError (/usr/lib/node_modules/npm/node_modules/npm-registry-client/lib/request.js:302:12)
40 verbose stack     at CachingRegistryClient.<anonymous> (/usr/lib/node_modules/npm/node_modules/npm-registry-client/lib/request.js:290:14)
40 verbose stack     at Request._callback (/usr/lib/node_modules/npm/node_modules/npm-registry-client/lib/request.js:210:14)
40 verbose stack     at Request.self.callback (/usr/lib/node_modules/npm/node_modules/request/request.js:187:22)
40 verbose stack     at emitTwo (events.js:106:13)
40 verbose stack     at Request.emit (events.js:191:7)
40 verbose stack     at Request.<anonymous> (/usr/lib/node_modules/npm/node_modules/request/request.js:1044:10)
40 verbose stack     at emitOne (events.js:96:13)
40 verbose stack     at Request.emit (events.js:188:7)
40 verbose stack     at IncomingMessage.<anonymous> (/usr/lib/node_modules/npm/node_modules/request/request.js:965:12)
41 verbose statusCode 403
42 verbose pkgid node-red-contrib-shri-firebase
43 verbose cwd /home/shrikant/Code/Node/heroku/node-red-contrib-shri-firebase
44 error Linux 4.4.0-57-generic
45 error argv "/usr/bin/nodejs" "/usr/bin/npm" "publish" "/home/shrikant/Code/Node/heroku/node-red-contrib-shri-firebase" "--tag" "firebase" "--access" "public"
46 error node v6.9.1
47 error npm  v3.10.8
48 error code E403
49 error "You cannot publish over the previously published version 0.0.4." : node-red-contrib-shri-firebase
50 error If you need help, you may report this error at:
50 error     <https://github.com/npm/npm/issues>
51 verbose exit [ 1, true ]
